This is pdfTeX, Version 3.14159265-2.6-1.40.21 (MiKTeX 2.9.7380 64-bit) (preloaded format=pdflatex 2020.3.28)  1 APR 2020 10:23
entering extended mode
**c:/Users/Fabia/Desktop/LaTeX/thesis/main.tex
(c:/Users/Fabia/Desktop/LaTeX/thesis/main.tex
LaTeX2e <2020-02-02> patch level 5
L3 programming layer <2020-03-06> (tex/Pre.tex ("C:\Users\Fabia\AppData\Local\Programs\MiKTeX 2.9\tex/latex/memoir\memoir.cls"
Document Class: memoir 2020/03/25 v3.7k configurable book, report, article document class
\onelineskip=\skip47
\lxvchars=\skip48
\xlvchars=\skip49
\@memcnta=\count167
\c@@memmarkcntra=\count168
LaTeX Info: Redefining \InputIfFileExists on input line 140.
("C:\Users\Fabia\AppData\Local\Programs\MiKTeX 2.9\tex/generic/iftex\iftex.sty"
Package: iftex 2020/03/06 v1.0d TeX engine tests
)
\stockheight=\skip50
\stockwidth=\skip51
\trimtop=\skip52
\trimedge=\skip53
 ("C:\Users\Fabia\AppData\Local\Programs\MiKTeX 2.9\tex/latex/memoir\mem11.clo"
File: mem11.clo 2008/01/30 v0.3 memoir class 11pt size option
)
\binding=\skip54
\spinemargin=\skip55
\foremargin=\skip56
\uppermargin=\skip57
\lowermargin=\skip58
\headdrop=\skip59
\normalrulethickness=\skip60
\mem@maxheadheight=\skip61
\mem@maxfootheight=\skip62
\headwidth=\skip63
\c@storedpagenumber=\count169
\memPD=\dimen134
\m@mabparskip=\skip64
\thanksmarkwidth=\skip65
\thanksmarksep=\skip66
\droptitle=\skip67
\c@book=\count170
\c@part=\count171
\c@chapter=\count172
\c@section=\count173
\c@subsection=\count174
\c@subsubsection=\count175
\c@paragraph=\count176
\c@subparagraph=\count177
\beforechapskip=\skip68
\midchapskip=\skip69
\afterchapskip=\skip70
\chapindent=\skip71
\bottomsectionskip=\skip72
\secindent=\skip73
\beforesecskip=\skip74
\aftersecskip=\skip75
\subsecindent=\skip76
\beforesubsecskip=\skip77
\aftersubsecskip=\skip78
\subsubsecindent=\skip79
\beforesubsubsecskip=\skip80
\aftersubsubsecskip=\skip81
\paraindent=\skip82
\beforeparaskip=\skip83
\afterparaskip=\skip84
\subparaindent=\skip85
\beforesubparaskip=\skip86
\aftersubparaskip=\skip87
\pfbreakskip=\skip88
\c@@ppsavesec=\count178
\c@@ppsaveapp=\count179
\ragrparindent=\dimen135
\everylistparindent=\dimen136
\parsepi=\skip89
\topsepi=\skip90
\itemsepi=\skip91
\parsepii=\skip92
\topsepii=\skip93
\topsepiii=\skip94
\itemsepii=\skip95
\itemsepiii=\skip96
\partopsepii=\skip97
\partopsepiii=\skip98
\m@msavetopsep=\skip99
\m@msavepartopsep=\skip100
\@enLab=\toks15
\abstitleskip=\skip101
\absleftindent=\skip102
\abs@leftindent=\dimen137
\absrightindent=\skip103
\absparindent=\skip104
\absparsep=\skip105
\c@vslineno=\count180
\c@poemline=\count181
\c@modulo@vs=\count182
\c@memfvsline=\count183
\vleftskip=\skip106
\vrightskip=\skip107
\stanzaskip=\skip108
\versewidth=\skip109
\vgap=\skip110
\vindent=\skip111
\vleftmargin=\dimen138
\c@verse=\count184
\c@chrsinstr=\count185
\beforepoemtitleskip=\skip112
\afterpoemtitleskip=\skip113
\c@poem=\count186
\beforePoemTitleskip=\skip114
\midPoemTitleskip=\skip115
\afterPoemTitleskip=\skip116
 ("C:\Users\Fabia\AppData\Local\Programs\MiKTeX 2.9\tex/latex/tools\array.sty"
Package: array 2019/08/31 v2.4l Tabular extension package (FMi)
\col@sep=\dimen139
\ar@mcellbox=\box45
\extrarowheight=\dimen140
\NC@list=\toks16
\extratabsurround=\skip117
\backup@length=\skip118
\ar@cellbox=\box46
) ("C:\Users\Fabia\AppData\Local\Programs\MiKTeX 2.9\tex/latex/tools\dcolumn.sty"
Package: dcolumn 2014/10/28 v1.06 decimal alignment package (DPC)
) ("C:\Users\Fabia\AppData\Local\Programs\MiKTeX 2.9\tex/latex/tools\delarray.sty"
Package: delarray 2014/10/28 v1.01 array delimiter package (DPC)
) ("C:\Users\Fabia\AppData\Local\Programs\MiKTeX 2.9\tex/latex/tools\tabularx.sty"
Package: tabularx 2020/01/15 v2.11c `tabularx' package (DPC)
\TX@col@width=\dimen141
\TX@old@table=\dimen142
\TX@old@col=\dimen143
\TX@target=\dimen144
\TX@delta=\dimen145
\TX@cols=\count187
\TX@ftn=\toks17
)
\heavyrulewidth=\dimen146
\lightrulewidth=\dimen147
\cmidrulewidth=\dimen148
\belowrulesep=\dimen149
\belowbottomsep=\dimen150
\aboverulesep=\dimen151
\abovetopsep=\dimen152
\cmidrulesep=\dimen153
\cmidrulekern=\dimen154
\defaultaddspace=\dimen155
\@cmidla=\count188
\@cmidlb=\count189
\@aboverulesep=\dimen156
\@belowrulesep=\dimen157
\@thisruleclass=\count190
\@lastruleclass=\count191
\@thisrulewidth=\dimen158
\ctableftskip=\skip119
\ctabrightskip=\skip120
\abovecolumnspenalty=\count192
\@linestogo=\count193
\@cellstogo=\count194
\@cellsincolumn=\count195
\crtok=\toks18
\@mincolumnwidth=\dimen159
\c@newflo@tctr=\count196
\mem@margin@floatbox=\box47
\@contcwidth=\skip121
\@contindw=\skip122
\abovecaptionskip=\skip123
\belowcaptionskip=\skip124
\subfloattopskip=\skip125
\subfloatcapskip=\skip126
\subfloatcaptopadj=\skip127
\subfloatbottomskip=\skip128
\subfloatlabelskip=\skip129
\subfloatcapmargin=\dimen160
\c@@contsubnum=\count197
\m@mscap@capbox=\box48
\m@mscap@fbox=\box49
\sidecapsep=\dimen161
\sidecapwidth=\dimen162
\m@m@tempdima=\dimen163
\m@mscapraise=\dimen164
\sidecapraise=\dimen165
\m@mscapmainwidth=\dimen166
\m@mscaplkern=\dimen167
\beforeepigraphskip=\skip130
\afterepigraphskip=\skip131
\epigraphwidth=\skip132
\epigraphrule=\skip133
LaTeX Info: Redefining \em on input line 7664.
LaTeX Info: Redefining \emph on input line 7672.
\tocentryskip=\skip134
\tocbaseline=\skip135
\cftparskip=\skip136
\cftbeforebookskip=\skip137
\cftbookindent=\dimen168
\cftbooknumwidth=\dimen169
\cftbeforepartskip=\skip138
\cftpartindent=\skip139
\cftpartnumwidth=\skip140
\cftbeforechapterskip=\skip141
\cftchapterindent=\skip142
\cftchapternumwidth=\skip143
\cftbeforesectionskip=\skip144
\cftsectionindent=\skip145
\cftsectionnumwidth=\skip146
\cftbeforesubsectionskip=\skip147
\cftsubsectionindent=\skip148
\cftsubsectionnumwidth=\skip149
\cftbeforesubsubsectionskip=\skip150
\cftsubsubsectionindent=\skip151
\cftsubsubsectionnumwidth=\skip152
\cftbeforeparagraphskip=\skip153
\cftparagraphindent=\skip154
\cftparagraphnumwidth=\skip155
\cftbeforesubparagraphskip=\skip156
\cftsubparagraphindent=\skip157
\cftsubparagraphnumwidth=\skip158
\prechapterprecisshift=\dimen170
\c@maxsecnumdepth=\count198
\bibindent=\dimen171
\bibitemsep=\skip159
\indexcolsep=\skip160
\indexrule=\skip161
\indexmarkstyle=\toks19
\@indexbox=\insert199
\glossarycolsep=\dimen172
\glossaryrule=\dimen173
\sideparvshift=\skip162
\sideins=\insert252
\sidebartopsep=\skip163
\sidebarhsep=\skip164
\sidebarvsep=\skip165
\sidebarwidth=\skip166
\footmarkwidth=\skip167
\footmarksep=\skip168
\footparindent=\skip169
\footinsdim=\skip170
\footinsv@r=\insert251
\@mpfootinsv@r=\insert250
\m@m@k=\count266
\m@m@h=\dimen174
\m@mipn@skip=\skip171
\sidefootins=\insert249
\sidefootadjust=\skip172
\sidefootheight=\skip173
\sidefoothsep=\skip174
\sidefootvsep=\skip175
\sidefootwidth=\skip176
\m@mdownsf=\skip177
\c@sidefootnote=\count267
\sidefootmarkwidth=\skip178
\sidefootmarksep=\skip179
\sidefootparindent=\skip180
\c@pagenote=\count268
\c@pagenoteshadow=\count269
\mem@pn@lastkern=\skip181
\every@verbatim=\toks20
\afterevery@verbatim=\toks21
\verbatim@line=\toks22
\tab@position=\count270
\verbatim@in@stream=\read2
\verbatimindent=\skip182
\verbatim@out=\write3
\bvboxsep=\skip183
\c@memfbvline=\count271
\c@bvlinectr=\count272
\bvnumlength=\skip184
\fb@frw=\dimen175
\fb@frh=\dimen176
\FrameRule=\dimen177
\FrameSep=\dimen178
\c@cp@cntr=\count273
LaTeX Info: Redefining \: on input line 12191.
LaTeX Info: Redefining \! on input line 12193.
\c@ism@mctr=\count274
\c@xsm@mctr=\count275
\c@csm@mctr=\count276
\c@ksm@mctr=\count277
\c@xksm@mctr=\count278
\c@cksm@mctr=\count279
\c@msm@mctr=\count280
\c@xmsm@mctr=\count281
\c@cmsm@mctr=\count282
\c@bsm@mctr=\count283
\c@workm@mctr=\count284
\c@sheetsequence=\count285
\c@lastsheet=\count286
\c@lastpage=\count287
 ("C:\Users\Fabia\AppData\Local\Programs\MiKTeX 2.9\tex/latex/textcase\textcase.sty"
Package: textcase 2019/09/14 v1.00 Text only upper/lower case changing (DPC)
)
\c@figure=\count288
\c@lofdepth=\count289
\cftbeforefigureskip=\skip185
\cftfigureindent=\skip186
\cftfigurenumwidth=\skip187
\c@table=\count290
\c@lotdepth=\count291
\cftbeforetableskip=\skip188
\cfttableindent=\skip189
\cfttablenumwidth=\skip190
Package abstract [2008/07/23] emulated by memoir.
Package appendix [2008/07/23] emulated by memoir.
Package booktabs [2016/05/16] emulated by memoir.
Package ccaption [2008/07/23] emulated by memoir.
Package changepage [2008/07/23] emulated by memoir.
Package chngcntr [2008/07/23] emulated by memoir.
Package chngpage [2008/07/23] emulated by memoir.
Package crop emulated by memoir.
Package enumerate [2008/07/23] emulated by memoir.
Package epigraph [2008/07/23] emulated by memoir.
Package ifmtarg [2008/07/23] emulated by memoir.
Package index [2008/07/23] emulated by memoir.
Package makeidx [2008/07/23] emulated by memoir.
Package moreverb [2008/07/23] emulated by memoir.
Package mparhack [2008/07/23] emulated by memoir.
Package needspace [2008/07/23] emulated by memoir.
Package newfile [2008/07/23] emulated by memoir.
Package nextpage [2008/07/23] emulated by memoir.
Package pagenote [2008/07/23] emulated by memoir.
Package parskip [2008/07/23] emulated by memoir.
Package patchcmd [2008/07/23] emulated by memoir.
Package setspace [2008/07/23] emulated by memoir.
Package shortvrb [2008/07/23] emulated by memoir.
Package showidx [2008/07/23] emulated by memoir.
Package titleref [2008/07/23] emulated by memoir.
Package titling [2008/07/23] emulated by memoir.
Package tocbibind [2008/07/23] emulated by memoir.
Package tocloft [2008/07/23] emulated by memoir.
Package tocvsec2 [2008/07/23] emulated by memoir.
Package verbatim [2008/07/23] emulated by memoir.
Package verse [2008/07/23] emulated by memoir.
) (tex/Settings.tex) ("C:\Users\Fabia\AppData\Local\Programs\MiKTeX 2.9\tex/latex/geometry\geometry.sty"
Package: geometry 2020/01/02 v5.9 Page Geometry
 ("C:\Users\Fabia\AppData\Local\Programs\MiKTeX 2.9\tex/latex/graphics\keyval.sty"
Package: keyval 2014/10/28 v1.15 key=value parser (DPC)
\KV@toks@=\toks23
) ("C:\Users\Fabia\AppData\Local\Programs\MiKTeX 2.9\tex/generic/iftex\ifvtex.sty"
Package: ifvtex 2019/10/25 v1.7 ifvtex legacy package. Use iftex instead.
)
\Gm@cnth=\count292
\Gm@cntv=\count293
\c@Gm@tempcnt=\count294
\Gm@bindingoffset=\dimen179
\Gm@wd@mp=\dimen180
\Gm@odd@mp=\dimen181
\Gm@even@mp=\dimen182
\Gm@layoutwidth=\dimen183
\Gm@layoutheight=\dimen184
\Gm@layouthoffset=\dimen185
\Gm@layoutvoffset=\dimen186
\Gm@dimlist=\toks24
 ("C:\Users\Fabia\AppData\Local\Programs\MiKTeX 2.9\tex/latex/geometry\geometry.cfg")) ("C:\Users\Fabia\AppData\Local\Programs\MiKTeX 2.9\tex/latex/base\inputenc.sty"
Package: inputenc 2018/08/11 v1.3c Input encoding file
\inpenc@prehook=\toks25
\inpenc@posthook=\toks26
) ("C:\Users\Fabia\AppData\Local\Programs\MiKTeX 2.9\tex/latex/dutchcal\dutchcal.sty"
Package: dutchcal 2011/06/16 v1 U/dutchcal
 ("C:\Users\Fabia\AppData\Local\Programs\MiKTeX 2.9\tex/latex/xkeyval\xkeyval.sty"
Package: xkeyval 2014/12/03 v2.7a package option processing (HA)
 ("C:\Users\Fabia\AppData\Local\Programs\MiKTeX 2.9\tex/generic/xkeyval\xkeyval.tex" ("C:\Users\Fabia\AppData\Local\Programs\MiKTeX 2.9\tex/generic/xkeyval\xkvutils.tex"
\XKV@toks=\toks27
\XKV@tempa@toks=\toks28
)
\XKV@depth=\count295
File: xkeyval.tex 2014/12/03 v2.7a key=value parser (HA)
))
LaTeX Font Info:    Redeclaring math alphabet \mathcal on input line 8.
LaTeX Font Info:    Overwriting math alphabet `\mathcal' in version `bold'
(Font)                  U/dutchcal/m/n --> U/dutchcal/b/n on input line 9.
) ("C:\Users\Fabia\AppData\Local\Programs\MiKTeX 2.9\tex/latex/xcolor\xcolor.sty"
Package: xcolor 2016/05/11 v2.12 LaTeX color extensions (UK)
 ("C:\Users\Fabia\AppData\Local\Programs\MiKTeX 2.9\tex/latex/graphics-cfg\color.cfg"
File: color.cfg 2016/01/02 v1.6 sample color configuration
)
Package xcolor Info: Driver file: pdftex.def on input line 225.
 ("C:\Users\Fabia\AppData\Local\Programs\MiKTeX 2.9\tex/latex/graphics-def\pdftex.def"
File: pdftex.def 2018/01/08 v1.0l Graphics/color driver for pdftex
)
Package xcolor Info: Model `cmy' substituted by `cmy0' on input line 1348.
Package xcolor Info: Model `hsb' substituted by `rgb' on input line 1352.
Package xcolor Info: Model `RGB' extended on input line 1364.
Package xcolor Info: Model `HTML' substituted by `rgb' on input line 1366.
Package xcolor Info: Model `Hsb' substituted by `hsb' on input line 1367.
Package xcolor Info: Model `tHsb' substituted by `hsb' on input line 1368.
Package xcolor Info: Model `HSB' substituted by `hsb' on input line 1369.
Package xcolor Info: Model `Gray' substituted by `gray' on input line 1370.
Package xcolor Info: Model `wave' substituted by `hsb' on input line 1371.
 ("C:\Users\Fabia\AppData\Local\Programs\MiKTeX 2.9\tex/latex/graphics\dvipsnam.def"
File: dvipsnam.def 2016/06/17 v3.0m Driver-dependent file (DPC,SPQR)
)) ("C:\Users\Fabia\AppData\Local\Programs\MiKTeX 2.9\tex/latex/mdframed\mdframed.sty"
Package: mdframed 2013/07/01 1.9b: mdframed
 ("C:\Users\Fabia\AppData\Local\Programs\MiKTeX 2.9\tex/latex/kvoptions\kvoptions.sty"
Package: kvoptions 2019/11/29 v3.13 Key value format for package options (HO)
 ("C:\Users\Fabia\AppData\Local\Programs\MiKTeX 2.9\tex/generic/ltxcmds\ltxcmds.sty"
Package: ltxcmds 2019/12/15 v1.24 LaTeX kernel commands for general use (HO)
) ("C:\Users\Fabia\AppData\Local\Programs\MiKTeX 2.9\tex/generic/kvsetkeys\kvsetkeys.sty"
Package: kvsetkeys 2019/12/15 v1.18 Key value parser (HO)
)) ("C:\Users\Fabia\AppData\Local\Programs\MiKTeX 2.9\tex/latex/l3packages/xparse\xparse.sty" ("C:\Users\Fabia\AppData\Local\Programs\MiKTeX 2.9\tex/latex/l3kernel\expl3.sty"
Package: expl3 2020-03-06 L3 programming layer (loader) 
 ("C:\Users\Fabia\AppData\Local\Programs\MiKTeX 2.9\tex/latex/l3backend\l3backend-pdfmode.def"
File: l3backend-pdfmode.def 2020-03-12 L3 backend support: PDF mode
\l__kernel_color_stack_int=\count296
\l__pdf_internal_box=\box50
))
Package: xparse 2020-03-06 L3 Experimental document command parser
\l__xparse_current_arg_int=\count297
\g__xparse_grabber_int=\count298
\l__xparse_m_args_int=\count299
\l__xparse_v_nesting_int=\count300
) ("C:\Users\Fabia\AppData\Local\Programs\MiKTeX 2.9\tex/latex/etoolbox\etoolbox.sty"
Package: etoolbox 2019/09/21 v2.5h e-TeX tools for LaTeX (JAW)
\etb@tempcnta=\count301
) ("C:\Users\Fabia\AppData\Local\Programs\MiKTeX 2.9\tex/latex/zref\zref-abspage.sty"
Package: zref-abspage 2020-03-03 v2.29 Module abspage for zref (HO)
 ("C:\Users\Fabia\AppData\Local\Programs\MiKTeX 2.9\tex/latex/zref\zref-base.sty"
Package: zref-base 2020-03-03 v2.29 Module base for zref (HO)
 ("C:\Users\Fabia\AppData\Local\Programs\MiKTeX 2.9\tex/generic/infwarerr\infwarerr.sty"
Package: infwarerr 2019/12/03 v1.5 Providing info/warning/error messages (HO)
) ("C:\Users\Fabia\AppData\Local\Programs\MiKTeX 2.9\tex/generic/kvdefinekeys\kvdefinekeys.sty"
Package: kvdefinekeys 2019-12-19 v1.6 Define keys (HO)
) ("C:\Users\Fabia\AppData\Local\Programs\MiKTeX 2.9\tex/latex/pdftexcmds\pdftexcmds.sty"
Package: pdftexcmds 2019/11/24 v0.31 Utility functions of pdfTeX for LuaTeX (HO)
Package pdftexcmds Info: \pdf@primitive is available.
Package pdftexcmds Info: \pdf@ifprimitive is available.
Package pdftexcmds Info: \pdfdraftmode found.
) ("C:\Users\Fabia\AppData\Local\Programs\MiKTeX 2.9\tex/generic/etexcmds\etexcmds.sty"
Package: etexcmds 2019/12/15 v1.7 Avoid name clashes with e-TeX commands (HO)
) ("C:\Users\Fabia\AppData\Local\Programs\MiKTeX 2.9\tex/latex/auxhook\auxhook.sty"
Package: auxhook 2019-12-17 v1.6 Hooks for auxiliary files (HO)
)
Package zref Info: New property list: main on input line 763.
Package zref Info: New property: default on input line 764.
Package zref Info: New property: page on input line 765.
) ("C:\Users\Fabia\AppData\Local\Programs\MiKTeX 2.9\tex/generic/atbegshi\atbegshi.sty"
Package: atbegshi 2019/12/05 v1.19 At begin shipout hook (HO)
)
\c@abspage=\count302
Package zref Info: New property: abspage on input line 66.
)
\mdf@templength=\skip191
\c@mdf@globalstyle@cnt=\count303
\mdf@skipabove@length=\skip192
\mdf@skipbelow@length=\skip193
\mdf@leftmargin@length=\skip194
\mdf@rightmargin@length=\skip195
\mdf@innerleftmargin@length=\skip196
\mdf@innerrightmargin@length=\skip197
\mdf@innertopmargin@length=\skip198
\mdf@innerbottommargin@length=\skip256
\mdf@splittopskip@length=\skip257
\mdf@splitbottomskip@length=\skip258
\mdf@outermargin@length=\skip259
\mdf@innermargin@length=\skip260
\mdf@linewidth@length=\skip261
\mdf@innerlinewidth@length=\skip262
\mdf@middlelinewidth@length=\skip263
\mdf@outerlinewidth@length=\skip264
\mdf@roundcorner@length=\skip265
\mdf@footenotedistance@length=\skip266
\mdf@userdefinedwidth@length=\skip267
\mdf@needspace@length=\skip268
\mdf@frametitleaboveskip@length=\skip269
\mdf@frametitlebelowskip@length=\skip270
\mdf@frametitlerulewidth@length=\skip271
\mdf@frametitleleftmargin@length=\skip272
\mdf@frametitlerightmargin@length=\skip273
\mdf@shadowsize@length=\skip274
\mdf@extratopheight@length=\skip275
\mdf@subtitleabovelinewidth@length=\skip276
\mdf@subtitlebelowlinewidth@length=\skip277
\mdf@subtitleaboveskip@length=\skip278
\mdf@subtitlebelowskip@length=\skip279
\mdf@subtitleinneraboveskip@length=\skip280
\mdf@subtitleinnerbelowskip@length=\skip281
\mdf@subsubtitleabovelinewidth@length=\skip282
\mdf@subsubtitlebelowlinewidth@length=\skip283
\mdf@subsubtitleaboveskip@length=\skip284
\mdf@subsubtitlebelowskip@length=\skip285
\mdf@subsubtitleinneraboveskip@length=\skip286
\mdf@subsubtitleinnerbelowskip@length=\skip287
 ("C:\Users\Fabia\AppData\Local\Programs\MiKTeX 2.9\tex/latex/mdframed\md-frame-0.mdf"
File: md-frame-0.mdf 2013/07/01\ 1.9b: md-frame-0
)
\mdf@frametitlebox=\box51
\mdf@footnotebox=\box52
\mdf@splitbox@one=\box53
\mdf@splitbox@two=\box54
\mdf@splitbox@save=\box55
\mdfsplitboxwidth=\skip288
\mdfsplitboxtotalwidth=\skip289
\mdfsplitboxheight=\skip290
\mdfsplitboxdepth=\skip291
\mdfsplitboxtotalheight=\skip292
\mdfframetitleboxwidth=\skip293
\mdfframetitleboxtotalwidth=\skip294
\mdfframetitleboxheight=\skip295
\mdfframetitleboxdepth=\skip296
\mdfframetitleboxtotalheight=\skip297
\mdffootnoteboxwidth=\skip298
\mdffootnoteboxtotalwidth=\skip299
\mdffootnoteboxheight=\skip300
\mdffootnoteboxdepth=\skip301
\mdffootnoteboxtotalheight=\skip302
\mdftotallinewidth=\skip303
\mdfboundingboxwidth=\skip304
\mdfboundingboxtotalwidth=\skip305
\mdfboundingboxheight=\skip306
\mdfboundingboxdepth=\skip307
\mdfboundingboxtotalheight=\skip308
\mdf@freevspace@length=\skip309
\mdf@horizontalwidthofbox@length=\skip310
\mdf@verticalmarginwhole@length=\skip311
\mdf@horizontalspaceofbox=\skip312
\mdfsubtitleheight=\skip313
\mdfsubsubtitleheight=\skip314
\c@mdfcountframes=\count304

****** mdframed patching \endmdf@trivlist

****** -- success******

\mdf@envdepth=\count305
\c@mdf@env@i=\count306
\c@mdf@env@ii=\count307
\c@mdf@zref@counter=\count308
Package zref Info: New property: mdf@pagevalue on input line 895.
) ("C:\Users\Fabia\AppData\Local\Programs\MiKTeX 2.9\tex/generic/babel\babel.sty"
Package: babel 2020/03/22 3.42 The Babel package
 ("C:\Users\Fabia\AppData\Local\Programs\MiKTeX 2.9\tex/generic/babel\switch.def"
File: switch.def 2020/03/22 3.42 Babel switching mechanism
)
*************************************
* Local config file bblopts.cfg used
*
("C:\Users\Fabia\AppData\Local\Programs\MiKTeX 2.9\tex/latex/arabi\bblopts.cfg"
File: bblopts.cfg 2005/09/08 v0.1 add Arabic and Farsi to "declared" options of babel
) ("C:\Users\Fabia\AppData\Local\Programs\MiKTeX 2.9\tex/latex/babel-english\english.ldf"
Language: english 2017/06/06 v3.3r English support from the babel system
 ("C:\Users\Fabia\AppData\Local\Programs\MiKTeX 2.9\tex/generic/babel\babel.def"
File: babel.def 2020/03/22 3.42 Babel common definitions
\babel@savecnt=\count309
\U@D=\dimen187
 ("C:\Users\Fabia\AppData\Local\Programs\MiKTeX 2.9\tex/generic/babel\txtbabel.def")
\bbl@readstream=\read3
\bbl@dirlevel=\count310
)
Package babel Info: \l@canadian = using hyphenrules for english
(babel)             (\language0) on input line 102.
Package babel Info: \l@australian = using hyphenrules for ukenglish
(babel)             (\language76) on input line 105.
Package babel Info: \l@newzealand = using hyphenrules for ukenglish
(babel)             (\language76) on input line 108.
)) ("C:\Users\Fabia\AppData\Local\Programs\MiKTeX 2.9\tex/latex/amsmath\amsmath.sty"
Package: amsmath 2020/01/20 v2.17e AMS math features
\@mathmargin=\skip315

For additional information on amsmath, use the `?' option.
("C:\Users\Fabia\AppData\Local\Programs\MiKTeX 2.9\tex/latex/amsmath\amstext.sty"
Package: amstext 2000/06/29 v2.01 AMS text
 ("C:\Users\Fabia\AppData\Local\Programs\MiKTeX 2.9\tex/latex/amsmath\amsgen.sty"
File: amsgen.sty 1999/11/30 v2.0 generic functions
\@emptytoks=\toks29
\ex@=\dimen188
)) ("C:\Users\Fabia\AppData\Local\Programs\MiKTeX 2.9\tex/latex/amsmath\amsbsy.sty"
Package: amsbsy 1999/11/29 v1.2d Bold Symbols
\pmbraise@=\dimen189
) ("C:\Users\Fabia\AppData\Local\Programs\MiKTeX 2.9\tex/latex/amsmath\amsopn.sty"
Package: amsopn 2016/03/08 v2.02 operator names
)
\inf@bad=\count311
LaTeX Info: Redefining \frac on input line 227.
\uproot@=\count312
\leftroot@=\count313
LaTeX Info: Redefining \overline on input line 389.
\classnum@=\count314
\DOTSCASE@=\count315
LaTeX Info: Redefining \ldots on input line 486.
LaTeX Info: Redefining \dots on input line 489.
LaTeX Info: Redefining \cdots on input line 610.
\Mathstrutbox@=\box56
\strutbox@=\box57
\big@size=\dimen190
LaTeX Font Info:    Redeclaring font encoding OML on input line 733.
LaTeX Font Info:    Redeclaring font encoding OMS on input line 734.
\macc@depth=\count316
\c@MaxMatrixCols=\count317
\dotsspace@=\muskip16
\c@parentequation=\count318
\dspbrk@lvl=\count319
\tag@help=\toks30
\row@=\count320
\column@=\count321
\maxfields@=\count322
\andhelp@=\toks31
\eqnshift@=\dimen191
\alignsep@=\dimen192
\tagshift@=\dimen193
\tagwidth@=\dimen194
\totwidth@=\dimen195
\lineht@=\dimen196
\@envbody=\toks32
\multlinegap=\skip316
\multlinetaggap=\skip317
\mathdisplay@stack=\toks33
LaTeX Info: Redefining \[ on input line 2859.
LaTeX Info: Redefining \] on input line 2860.
) ("C:\Users\Fabia\AppData\Local\Programs\MiKTeX 2.9\tex/latex/amsfonts\amssymb.sty"
Package: amssymb 2013/01/14 v3.01 AMS font symbols
 ("C:\Users\Fabia\AppData\Local\Programs\MiKTeX 2.9\tex/latex/amsfonts\amsfonts.sty"
Package: amsfonts 2013/01/14 v3.01 Basic AMSFonts support
\symAMSa=\mathgroup4
\symAMSb=\mathgroup5
LaTeX Font Info:    Redeclaring math symbol \hbar on input line 98.
LaTeX Font Info:    Overwriting math alphabet `\mathfrak' in version `bold'
(Font)                  U/euf/m/n --> U/euf/b/n on input line 106.
)) ("C:\Users\Fabia\AppData\Local\Programs\MiKTeX 2.9\tex/latex/amscls\amsthm.sty"
Package: amsthm 2017/10/31 v2.20.4
\thm@style=\toks34
\thm@bodyfont=\toks35
\thm@headfont=\toks36
\thm@notefont=\toks37
\thm@headpunct=\toks38
\thm@preskip=\skip318
\thm@postskip=\skip319
\thm@headsep=\skip320
\dth@everypar=\toks39
) ("C:\Users\Fabia\AppData\Local\Programs\MiKTeX 2.9\tex/latex/mathtools\mathtools.sty"
Package: mathtools 2020/03/24 v1.24 mathematical typesetting tools
 ("C:\Users\Fabia\AppData\Local\Programs\MiKTeX 2.9\tex/latex/tools\calc.sty"
Package: calc 2017/05/25 v4.3 Infix arithmetic (KKT,FJ)
\calc@Acount=\count323
\calc@Bcount=\count324
\calc@Adimen=\dimen197
\calc@Bdimen=\dimen198
\calc@Askip=\skip321
\calc@Bskip=\skip322
LaTeX Info: Redefining \setlength on input line 80.
LaTeX Info: Redefining \addtolength on input line 81.
\calc@Ccount=\count325
\calc@Cskip=\skip323
) ("C:\Users\Fabia\AppData\Local\Programs\MiKTeX 2.9\tex/latex/mathtools\mhsetup.sty"
Package: mhsetup 2017/03/31 v1.3 programming setup (MH)
)
LaTeX Info: Thecontrolsequence`\('isalreadyrobust on input line 130.
LaTeX Info: Thecontrolsequence`\)'isalreadyrobust on input line 130.
LaTeX Info: Thecontrolsequence`\['isalreadyrobust on input line 130.
LaTeX Info: Thecontrolsequence`\]'isalreadyrobust on input line 130.
\g_MT_multlinerow_int=\count326
\l_MT_multwidth_dim=\dimen256
\origjot=\skip324
\l_MT_shortvdotswithinadjustabove_dim=\dimen257
\l_MT_shortvdotswithinadjustbelow_dim=\dimen258
\l_MT_above_intertext_sep=\dimen259
\l_MT_below_intertext_sep=\dimen260
\l_MT_above_shortintertext_sep=\dimen261
\l_MT_below_shortintertext_sep=\dimen262
\xmathstrut@box=\box58
\xmathstrut@dim=\dimen263
) ("C:\Users\Fabia\AppData\Local\Programs\MiKTeX 2.9\tex/latex/braket\braket.sty") ("C:\Users\Fabia\AppData\Local\Programs\MiKTeX 2.9\tex/latex/graphics\graphicx.sty"
Package: graphicx 2019/11/30 v1.2a Enhanced LaTeX Graphics (DPC,SPQR)
 ("C:\Users\Fabia\AppData\Local\Programs\MiKTeX 2.9\tex/latex/graphics\graphics.sty"
Package: graphics 2019/11/30 v1.4a Standard LaTeX Graphics (DPC,SPQR)
 ("C:\Users\Fabia\AppData\Local\Programs\MiKTeX 2.9\tex/latex/graphics\trig.sty"
Package: trig 2016/01/03 v1.10 sin cos tan (DPC)
) ("C:\Users\Fabia\AppData\Local\Programs\MiKTeX 2.9\tex/latex/graphics-cfg\graphics.cfg"
File: graphics.cfg 2016/06/04 v1.11 sample graphics configuration
)
Package graphics Info: Driver file: pdftex.def on input line 105.
)
\Gin@req@height=\dimen264
\Gin@req@width=\dimen265
) ("C:\Users\Fabia\AppData\Local\Programs\MiKTeX 2.9\tex/latex/float\float.sty"
Package: float 2001/11/08 v1.3d Float enhancements (AL)
\c@float@type=\count327
\float@exts=\toks40
\float@box=\box59
\@float@everytoks=\toks41
\@floatcapt=\box60
) ("C:\Users\Fabia\AppData\Local\Programs\MiKTeX 2.9\tex/latex/wrapfig\wrapfig.sty"
\wrapoverhang=\dimen266
\WF@size=\dimen267
\c@WF@wrappedlines=\count328
\WF@box=\box61
\WF@everypar=\toks42
Package: wrapfig 2003/01/31  v 3.6
) ("C:\Users\Fabia\AppData\Local\Programs\MiKTeX 2.9\tex/latex/enumitem\enumitem.sty"
Package: enumitem 2019/06/20 v3.9 Customized lists
\labelindent=\skip325
\enit@outerparindent=\dimen268
\enit@toks=\toks43
\enit@inbox=\box62
\enit@count@id=\count329
\enitdp@description=\count330
) ("C:\Users\Fabia\AppData\Local\Programs\MiKTeX 2.9\tex/latex/units\nicefrac.sty"
Package: nicefrac 1998/08/04 v0.9b Nice fractions
\L@UnitsRaiseDisplaystyle=\skip326
\L@UnitsRaiseTextstyle=\skip327
\L@UnitsRaiseScriptstyle=\skip328
 ("C:\Users\Fabia\AppData\Local\Programs\MiKTeX 2.9\tex/latex/base\ifthen.sty"
Package: ifthen 2014/09/29 v1.1c Standard LaTeX ifthen package (DPC)
)) ("C:\Users\Fabia\AppData\Local\Programs\MiKTeX 2.9\tex/latex/lm\lmodern.sty"
Package: lmodern 2009/10/30 v1.6 Latin Modern Fonts
LaTeX Font Info:    Overwriting symbol font `operators' in version `normal'
(Font)                  OT1/cmr/m/n --> OT1/lmr/m/n on input line 22.
LaTeX Font Info:    Overwriting symbol font `letters' in version `normal'
(Font)                  OML/cmm/m/it --> OML/lmm/m/it on input line 23.
LaTeX Font Info:    Overwriting symbol font `symbols' in version `normal'
(Font)                  OMS/cmsy/m/n --> OMS/lmsy/m/n on input line 24.
LaTeX Font Info:    Overwriting symbol font `largesymbols' in version `normal'
(Font)                  OMX/cmex/m/n --> OMX/lmex/m/n on input line 25.
LaTeX Font Info:    Overwriting symbol font `operators' in version `bold'
(Font)                  OT1/cmr/bx/n --> OT1/lmr/bx/n on input line 26.
LaTeX Font Info:    Overwriting symbol font `letters' in version `bold'
(Font)                  OML/cmm/b/it --> OML/lmm/b/it on input line 27.
LaTeX Font Info:    Overwriting symbol font `symbols' in version `bold'
(Font)                  OMS/cmsy/b/n --> OMS/lmsy/b/n on input line 28.
LaTeX Font Info:    Overwriting symbol font `largesymbols' in version `bold'
(Font)                  OMX/cmex/m/n --> OMX/lmex/m/n on input line 29.
LaTeX Font Info:    Overwriting math alphabet `\mathbf' in version `normal'
(Font)                  OT1/cmr/bx/n --> OT1/lmr/bx/n on input line 31.
LaTeX Font Info:    Overwriting math alphabet `\mathsf' in version `normal'
(Font)                  OT1/cmss/m/n --> OT1/lmss/m/n on input line 32.
LaTeX Font Info:    Overwriting math alphabet `\mathit' in version `normal'
(Font)                  OT1/cmr/m/it --> OT1/lmr/m/it on input line 33.
LaTeX Font Info:    Overwriting math alphabet `\mathtt' in version `normal'
(Font)                  OT1/cmtt/m/n --> OT1/lmtt/m/n on input line 34.
LaTeX Font Info:    Overwriting math alphabet `\mathbf' in version `bold'
(Font)                  OT1/cmr/bx/n --> OT1/lmr/bx/n on input line 35.
LaTeX Font Info:    Overwriting math alphabet `\mathsf' in version `bold'
(Font)                  OT1/cmss/bx/n --> OT1/lmss/bx/n on input line 36.
LaTeX Font Info:    Overwriting math alphabet `\mathit' in version `bold'
(Font)                  OT1/cmr/bx/it --> OT1/lmr/bx/it on input line 37.
LaTeX Font Info:    Overwriting math alphabet `\mathtt' in version `bold'
(Font)                  OT1/cmtt/m/n --> OT1/lmtt/m/n on input line 38.
) ("C:\Users\Fabia\AppData\Local\Programs\MiKTeX 2.9\tex/latex/algorithmicx\algpseudocode.sty"
Package: algpseudocode 
 ("C:\Users\Fabia\AppData\Local\Programs\MiKTeX 2.9\tex/latex/algorithmicx\algorithmicx.sty"
Package: algorithmicx 2005/04/27 v1.2 Algorithmicx

Document Style algorithmicx 1.2 - a greatly improved `algorithmic' style
\c@ALG@line=\count331
\c@ALG@rem=\count332
\c@ALG@nested=\count333
\ALG@tlm=\skip329
\ALG@thistlm=\skip330
\c@ALG@Lnr=\count334
\c@ALG@blocknr=\count335
\c@ALG@storecount=\count336
\c@ALG@tmpcounter=\count337
\ALG@tmplength=\skip331
)
Document Style - pseudocode environments for use with the `algorithmicx' style
) ("C:\Users\Fabia\AppData\Local\Programs\MiKTeX 2.9\tex/latex/algorithms\algorithm.sty"
Package: algorithm 2009/08/24 v0.1 Document Style `algorithm' - floating environment
\@float@every@algorithm=\toks44
\c@algorithm=\count338
) ("C:\Users\Fabia\AppData\Local\Programs\MiKTeX 2.9\tex/latex/tools\xspace.sty"
Package: xspace 2014/10/28 v1.13 Space after command names (DPC,MH)
) ("C:\Users\Fabia\AppData\Local\Programs\MiKTeX 2.9\tex/latex/hyperref\hyperref.sty"
Package: hyperref 2020/01/14 v7.00d Hypertext links for LaTeX
 ("C:\Users\Fabia\AppData\Local\Programs\MiKTeX 2.9\tex/generic/pdfescape\pdfescape.sty"
Package: pdfescape 2019/12/09 v1.15 Implements pdfTeX's escape features (HO)
) ("C:\Users\Fabia\AppData\Local\Programs\MiKTeX 2.9\tex/latex/hycolor\hycolor.sty"
Package: hycolor 2020-01-27 v1.10 Color options for hyperref/bookmark (HO)
) ("C:\Users\Fabia\AppData\Local\Programs\MiKTeX 2.9\tex/latex/letltxmacro\letltxmacro.sty"
Package: letltxmacro 2019/12/03 v1.6 Let assignment for LaTeX macros (HO)
)
\@linkdim=\dimen269
\Hy@linkcounter=\count339
\Hy@pagecounter=\count340
 ("C:\Users\Fabia\AppData\Local\Programs\MiKTeX 2.9\tex/latex/hyperref\pd1enc.def"
File: pd1enc.def 2020/01/14 v7.00d Hyperref: PDFDocEncoding definition (HO)
Now handling font encoding PD1 ...
... no UTF-8 mapping file for font encoding PD1
) ("C:\Users\Fabia\AppData\Local\Programs\MiKTeX 2.9\tex/generic/intcalc\intcalc.sty"
Package: intcalc 2019/12/15 v1.3 Expandable calculations with integers (HO)
)
\Hy@SavedSpaceFactor=\count341
Package hyperref Info: Option `unicode' set `true' on input line 4421.
 ("C:\Users\Fabia\AppData\Local\Programs\MiKTeX 2.9\tex/latex/hyperref\puenc.def"
File: puenc.def 2020/01/14 v7.00d Hyperref: PDF Unicode definition (HO)
Now handling font encoding PU ...
... no UTF-8 mapping file for font encoding PU
)
Package hyperref Info: Option `bookmarks' set `true' on input line 4421.
Package hyperref Info: Option `bookmarksnumbered' set `false' on input line 4421.
Package hyperref Info: Option `bookmarksopen' set `false' on input line 4421.
Package hyperref Info: Option `breaklinks' set `false' on input line 4421.
Package hyperref Info: Option `colorlinks' set `true' on input line 4421.
Package hyperref Info: Hyper figures OFF on input line 4547.
Package hyperref Info: Link nesting OFF on input line 4552.
Package hyperref Info: Hyper index ON on input line 4555.
Package hyperref Info: Plain pages OFF on input line 4562.
Package hyperref Info: Backreferencing OFF on input line 4567.
Package hyperref Info: Implicit mode ON; LaTeX internals redefined.
Package hyperref Info: Bookmarks ON on input line 4800.
\c@Hy@tempcnt=\count342
 ("C:\Users\Fabia\AppData\Local\Programs\MiKTeX 2.9\tex/latex/url\url.sty"
\Urlmuskip=\muskip17
Package: url 2013/09/16  ver 3.4  Verb mode for urls, etc.
)
LaTeX Info: Redefining \url on input line 5159.
\XeTeXLinkMargin=\dimen270
 ("C:\Users\Fabia\AppData\Local\Programs\MiKTeX 2.9\tex/generic/bitset\bitset.sty"
Package: bitset 2019/12/09 v1.3 Handle bit-vector datatype (HO)
 ("C:\Users\Fabia\AppData\Local\Programs\MiKTeX 2.9\tex/generic/bigintcalc\bigintcalc.sty"
Package: bigintcalc 2019/12/15 v1.5 Expandable calculations on big integers (HO)
))
\Fld@menulength=\count343
\Field@Width=\dimen271
\Fld@charsize=\dimen272
Package hyperref Info: Hyper figures OFF on input line 6430.
Package hyperref Info: Link nesting OFF on input line 6435.
Package hyperref Info: Hyper index ON on input line 6438.
Package hyperref Info: backreferencing OFF on input line 6445.
Package hyperref Info: Link coloring ON on input line 6448.
Package hyperref Info: Link coloring with OCG OFF on input line 6455.
Package hyperref Info: PDF/A mode OFF on input line 6460.
LaTeX Info: Redefining \ref on input line 6500.
LaTeX Info: Redefining \pageref on input line 6504.
\Hy@abspage=\count344
\c@Item=\count345
\c@Hfootnote=\count346
) ("C:\Users\Fabia\AppData\Local\Programs\MiKTeX 2.9\tex/latex/memoir\memhfixc.sty"
Package: memhfixc 2019/10/24 v1.18 nameref/hyperref package fixes for memoir class
\c@memhycontfloat=\count347
\c@Hpagenote=\count348
)
Package hyperref Info: Driver (autodetected): hpdftex.
 ("C:\Users\Fabia\AppData\Local\Programs\MiKTeX 2.9\tex/latex/hyperref\hpdftex.def"
File: hpdftex.def 2020/01/14 v7.00d Hyperref driver for pdfTeX
 ("C:\Users\Fabia\AppData\Local\Programs\MiKTeX 2.9\tex/latex/atveryend\atveryend.sty"
Package: atveryend 2019-12-11 v1.11 Hooks at the very end of document (HO)
)
\HyAnn@Count=\count349
\Fld@listcount=\count350
\c@bookmark@seq@number=\count351
 ("C:\Users\Fabia\AppData\Local\Programs\MiKTeX 2.9\tex/latex/rerunfilecheck\rerunfilecheck.sty"
Package: rerunfilecheck 2019/12/05 v1.9 Rerun checks for auxiliary files (HO)
 ("C:\Users\Fabia\AppData\Local\Programs\MiKTeX 2.9\tex/generic/uniquecounter\uniquecounter.sty"
Package: uniquecounter 2019/12/15 v1.4 Provide unlimited unique counter (HO)
)
Package uniquecounter Info: New unique counter `rerunfilecheck' on input line 286.
)
\Hy@SectionHShift=\skip332
) ("C:\Users\Fabia\AppData\Local\Programs\MiKTeX 2.9\tex/latex/tools\bm.sty"
Package: bm 2019/07/24 v1.2d Bold Symbol Support (DPC/FMi)
\symboldoperators=\mathgroup6
\symboldletters=\mathgroup7
\symboldsymbols=\mathgroup8
LaTeX Font Info:    Redeclaring math alphabet \mathbf on input line 141.
LaTeX Info: Redefining \bm on input line 209.
) ("C:\Users\Fabia\AppData\Local\Programs\MiKTeX 2.9\tex/latex/biblatex\biblatex.sty"
Package: biblatex 2019/12/01 v3.14 programmable bibliographies (PK/MW)
 ("C:\Users\Fabia\AppData\Local\Programs\MiKTeX 2.9\tex/latex/logreq\logreq.sty"
Package: logreq 2010/08/04 v1.0 xml request logger
\lrq@indent=\count352
 ("C:\Users\Fabia\AppData\Local\Programs\MiKTeX 2.9\tex/latex/logreq\logreq.def"
File: logreq.def 2010/08/04 v1.0 logreq spec v1.0
))
\c@tabx@nest=\count353
\c@listtotal=\count354
\c@listcount=\count355
\c@liststart=\count356
\c@liststop=\count357
\c@citecount=\count358
\c@citetotal=\count359
\c@multicitecount=\count360
\c@multicitetotal=\count361
\c@instcount=\count362
\c@maxnames=\count363
\c@minnames=\count364
\c@maxitems=\count365
\c@minitems=\count366
\c@citecounter=\count367
\c@maxcitecounter=\count368
\c@savedcitecounter=\count369
\c@uniquelist=\count370
\c@uniquename=\count371
\c@refsection=\count372
\c@refsegment=\count373
\c@maxextratitle=\count374
\c@maxextratitleyear=\count375
\c@maxextraname=\count376
\c@maxextradate=\count377
\c@maxextraalpha=\count378
\c@abbrvpenalty=\count379
\c@highnamepenalty=\count380
\c@lownamepenalty=\count381
\c@maxparens=\count382
\c@parenlevel=\count383
\blx@tempcnta=\count384
\blx@tempcntb=\count385
\blx@tempcntc=\count386
\blx@maxsection=\count387
\blx@maxsegment@0=\count388
\blx@notetype=\count389
\blx@parenlevel@text=\count390
\blx@parenlevel@foot=\count391
\blx@sectionciteorder@0=\count392
\blx@entrysetcounter=\count393
\labelnumberwidth=\skip333
\labelalphawidth=\skip334
\biblabelsep=\skip335
\bibnamesep=\skip336
\bibinitsep=\skip337
\bibparsep=\skip338
\bibhang=\skip339
\blx@bcfin=\read4
\blx@bcfout=\write4
\blx@langwohyphens=\language82
\c@mincomprange=\count394
\c@maxcomprange=\count395
\c@mincompwidth=\count396
Package biblatex Info: Trying to load biblatex default data model...
Package biblatex Info: ... file 'blx-dm.def' found.
 ("C:\Users\Fabia\AppData\Local\Programs\MiKTeX 2.9\tex/latex/biblatex\blx-dm.def"
File: blx-dm.def 2019/12/01 v3.14 biblatex localization (PK/MW)
)
Package biblatex Info: Trying to load biblatex custom data model...
Package biblatex Info: ... file 'biblatex-dm.cfg' not found.
\c@afterword=\count397
\c@savedafterword=\count398
\c@annotator=\count399
\c@savedannotator=\count400
\c@author=\count401
\c@savedauthor=\count402
\c@bookauthor=\count403
\c@savedbookauthor=\count404
\c@commentator=\count405
\c@savedcommentator=\count406
\c@editor=\count407
\c@savededitor=\count408
\c@editora=\count409
\c@savededitora=\count410
\c@editorb=\count411
\c@savededitorb=\count412
\c@editorc=\count413
\c@savededitorc=\count414
\c@foreword=\count415
\c@savedforeword=\count416
\c@holder=\count417
\c@savedholder=\count418
\c@introduction=\count419
\c@savedintroduction=\count420
\c@namea=\count421
\c@savednamea=\count422
\c@nameb=\count423
\c@savednameb=\count424
\c@namec=\count425
\c@savednamec=\count426
\c@translator=\count427
\c@savedtranslator=\count428
\c@shortauthor=\count429
\c@savedshortauthor=\count430
\c@shorteditor=\count431
\c@savedshorteditor=\count432
\c@labelname=\count433
\c@savedlabelname=\count434
\c@institution=\count435
\c@savedinstitution=\count436
\c@lista=\count437
\c@savedlista=\count438
\c@listb=\count439
\c@savedlistb=\count440
\c@listc=\count441
\c@savedlistc=\count442
\c@listd=\count443
\c@savedlistd=\count444
\c@liste=\count445
\c@savedliste=\count446
\c@listf=\count447
\c@savedlistf=\count448
\c@location=\count449
\c@savedlocation=\count450
\c@organization=\count451
\c@savedorganization=\count452
\c@origlocation=\count453
\c@savedoriglocation=\count454
\c@origpublisher=\count455
\c@savedorigpublisher=\count456
\c@publisher=\count457
\c@savedpublisher=\count458
\c@language=\count459
\c@savedlanguage=\count460
\c@origlanguage=\count461
\c@savedoriglanguage=\count462
\c@pageref=\count463
\c@savedpageref=\count464
\shorthandwidth=\skip340
\shortjournalwidth=\skip341
\shortserieswidth=\skip342
\shorttitlewidth=\skip343
\shortauthorwidth=\skip344
\shorteditorwidth=\skip345
\locallabelnumberwidth=\skip346
\locallabelalphawidth=\skip347
\localshorthandwidth=\skip348
\localshortjournalwidth=\skip349
\localshortserieswidth=\skip350
\localshorttitlewidth=\skip351
\localshortauthorwidth=\skip352
\localshorteditorwidth=\skip353
Package biblatex Info: Trying to load compatibility code...
Package biblatex Info: ... file 'blx-compat.def' found.
 ("C:\Users\Fabia\AppData\Local\Programs\MiKTeX 2.9\tex/latex/biblatex\blx-compat.def"
File: blx-compat.def 2019/12/01 v3.14 biblatex compatibility (PK/MW)
)
Package biblatex Info: Trying to load generic definitions...
Package biblatex Info: ... file 'biblatex.def' found.
 ("C:\Users\Fabia\AppData\Local\Programs\MiKTeX 2.9\tex/latex/biblatex\biblatex.def"
File: biblatex.def 2019/12/01 v3.14 biblatex compatibility (PK/MW)
\c@textcitecount=\count465
\c@textcitetotal=\count466
\c@textcitemaxnames=\count467
\c@biburlbigbreakpenalty=\count468
\c@biburlbreakpenalty=\count469
\c@biburlnumpenalty=\count470
\c@biburlucpenalty=\count471
\c@biburllcpenalty=\count472
\biburlbigskip=\muskip18
\biburlnumskip=\muskip19
\biburlucskip=\muskip20
\biburllcskip=\muskip21
\c@smartand=\count473
)
Package biblatex Info: Trying to load bibliography style 'numeric'...
Package biblatex Info: ... file 'numeric.bbx' found.
 ("C:\Users\Fabia\AppData\Local\Programs\MiKTeX 2.9\tex/latex/biblatex/bbx\numeric.bbx"
File: numeric.bbx 2019/12/01 v3.14 biblatex bibliography style (PK/MW)
Package biblatex Info: Trying to load bibliography style 'standard'...
Package biblatex Info: ... file 'standard.bbx' found.
 ("C:\Users\Fabia\AppData\Local\Programs\MiKTeX 2.9\tex/latex/biblatex/bbx\standard.bbx"
File: standard.bbx 2019/12/01 v3.14 biblatex bibliography style (PK/MW)
\c@bbx:relatedcount=\count474
\c@bbx:relatedtotal=\count475
))
Package biblatex Info: Trying to load citation style 'numeric'...
Package biblatex Info: ... file 'numeric.cbx' found.
 ("C:\Users\Fabia\AppData\Local\Programs\MiKTeX 2.9\tex/latex/biblatex/cbx\numeric.cbx"
File: numeric.cbx 2019/12/01 v3.14 biblatex citation style (PK/MW)
Package biblatex Info: Redefining '\cite'.
Package biblatex Info: Redefining '\parencite'.
Package biblatex Info: Redefining '\footcite'.
Package biblatex Info: Redefining '\footcitetext'.
Package biblatex Info: Redefining '\smartcite'.
Package biblatex Info: Redefining '\supercite'.
Package biblatex Info: Redefining '\textcite'.
Package biblatex Info: Redefining '\textcites'.
Package biblatex Info: Redefining '\cites'.
Package biblatex Info: Redefining '\parencites'.
Package biblatex Info: Redefining '\smartcites'.
)
Package biblatex Info: Trying to load configuration file...
Package biblatex Info: ... file 'biblatex.cfg' found.
 ("C:\Users\Fabia\AppData\Local\Programs\MiKTeX 2.9\tex/latex/biblatex\biblatex.cfg"
File: biblatex.cfg 
)) ("C:\Users\Fabia\AppData\Local\Programs\MiKTeX 2.9\tex/latex/minted\minted.sty"
Package: minted 2017/07/19 v2.5 Yet another Pygments shim for LaTeX
 ("C:\Users\Fabia\AppData\Local\Programs\MiKTeX 2.9\tex/latex/fvextra\fvextra.sty"
Package: fvextra 2019/02/04 v1.4 fvextra - extensions and patches for fancyvrb
 ("C:\Users\Fabia\AppData\Local\Programs\MiKTeX 2.9\tex/latex/fancyvrb\fancyvrb.sty"
Package: fancyvrb 2020/01/13 v3.5 verbatim text (tvz,hv)
\FV@CodeLineNo=\count476
\FV@InFile=\read5
\FV@TabBox=\box63
\c@FancyVerbLine=\count477
\FV@StepNumber=\count478
\FV@OutFile=\write5
) ("C:\Users\Fabia\AppData\Local\Programs\MiKTeX 2.9\tex/latex/upquote\upquote.sty"
Package: upquote 2012/04/19 v1.3 upright-quote and grave-accent glyphs in verbatim
 ("C:\Users\Fabia\AppData\Local\Programs\MiKTeX 2.9\tex/latex/base\textcomp.sty"
Package: textcomp 2020/02/02 v2.0n Standard LaTeX package
)) ("C:\Users\Fabia\AppData\Local\Programs\MiKTeX 2.9\tex/latex/lineno\lineno.sty"
Package: lineno 2005/11/02 line numbers on paragraphs v4.41
\linenopenalty=\count479
\output=\toks45
\linenoprevgraf=\count480
\linenumbersep=\dimen273
\linenumberwidth=\dimen274
\c@linenumber=\count481
\c@pagewiselinenumber=\count482
\c@LN@truepage=\count483
\c@internallinenumber=\count484
\c@internallinenumbers=\count485
\quotelinenumbersep=\dimen275
\bframerule=\dimen276
\bframesep=\dimen277
\bframebox=\box64
LaTeX Info: Redefining \\ on input line 3056.
)
\c@FV@TrueTabGroupLevel=\count486
\c@FV@TrueTabCounter=\count487
\FV@TabBox@Group=\box65
\FV@TmpLength=\skip354
\c@FV@HighlightLinesStart=\count488
\c@FV@HighlightLinesStop=\count489
\FV@LoopCount=\count490
\FV@NCharsBox=\box66
\FV@BreakIndent=\dimen278
\FV@BreakIndentNChars=\count491
\FV@BreakSymbolSepLeft=\dimen279
\FV@BreakSymbolSepLeftNChars=\count492
\FV@BreakSymbolSepRight=\dimen280
\FV@BreakSymbolSepRightNChars=\count493
\FV@BreakSymbolIndentLeft=\dimen281
\FV@BreakSymbolIndentLeftNChars=\count494
\FV@BreakSymbolIndentRight=\dimen282
\FV@BreakSymbolIndentRightNChars=\count495
\c@FancyVerbLineBreakLast=\count496
\FV@LineBox=\box67
\FV@LineIndentBox=\box68
\FV@LineWidth=\dimen283
) ("C:\Users\Fabia\AppData\Local\Programs\MiKTeX 2.9\tex/latex/tools\shellesc.sty"
Package: shellesc 2019/11/08 v1.0c unified shell escape interface for LaTeX
Package shellesc Info: Unrestricted shell escape enabled on input line 75.
) ("C:\Users\Fabia\AppData\Local\Programs\MiKTeX 2.9\tex/latex/ifplatform\ifplatform.sty"
Package: ifplatform 2017/10/13 v0.4a Testing for the operating system
 ("C:\Users\Fabia\AppData\Local\Programs\MiKTeX 2.9\tex/generic/catchfile\catchfile.sty"
Package: catchfile 2019/12/09 v1.8 Catch the contents of a file (HO)
) ("C:\Users\Fabia\AppData\Local\Programs\MiKTeX 2.9\tex/generic/iftex\ifluatex.sty"
Package: ifluatex 2019/10/25 v1.5 ifluatex legacy package. Use iftex instead.
)) ("C:\Users\Fabia\AppData\Local\Programs\MiKTeX 2.9\tex/latex/xstring\xstring.sty" ("C:\Users\Fabia\AppData\Local\Programs\MiKTeX 2.9\tex/generic/xstring\xstring.tex"
\integerpart=\count497
\decimalpart=\count498
)
Package: xstring 2019/02/06 v1.83 String manipulations (CT)
) ("C:\Users\Fabia\AppData\Local\Programs\MiKTeX 2.9\tex/latex/framed\framed.sty"
Package: framed 2011/10/22 v 0.96: framed or shaded text with page breaks
\OuterFrameSep=\skip355
\fb@frw=\dimen284
\fb@frh=\dimen285
)
\minted@appexistsfile=\read6
\minted@bgbox=\box69
\minted@code=\write6
\c@minted@FancyVerbLineTemp=\count499
\c@minted@pygmentizecounter=\count500
\@float@every@listing=\toks46
\c@listing=\count501
)
runsystem(if not exist build\_minted-main mkdir build\_minted-main)...executed.

 ("C:\Users\Fabia\AppData\Local\Programs\MiKTeX 2.9\tex/latex/csquotes\csquotes.sty"
Package: csquotes 2019-12-06 v5.2j context-sensitive quotations (JAW)
\csq@reset=\count502
\csq@gtype=\count503
\csq@glevel=\count504
\csq@qlevel=\count505
\csq@maxlvl=\count506
\csq@tshold=\count507
\csq@ltx@everypar=\toks47
 ("C:\Users\Fabia\AppData\Local\Programs\MiKTeX 2.9\tex/latex/csquotes\csquotes.def"
File: csquotes.def 2019-12-06 v5.2j csquotes generic definitions (JAW)
)
Package csquotes Info: Trying to load configuration file 'csquotes.cfg'...
Package csquotes Info: ... configuration file loaded successfully.
 ("C:\Users\Fabia\AppData\Local\Programs\MiKTeX 2.9\tex/latex/csquotes\csquotes.cfg"
File: csquotes.cfg 
))
\c@theo=\count508
\c@kor=\count509
\c@dfn=\count510
\c@rmk=\count511
\c@ex=\count512
)
runsystem(for ^%i in (pygmentize.exe pygmentize.bat pygmentize.cmd) do set > main.aex <nul: /p x=^%~$PATH:i>> main.aex)...executed.

runsystem(del main.aex)...executed.

Package csquotes Info: Checking for multilingual support...
Package csquotes Info: ... found 'babel' package.
Package csquotes Info: Adjusting default style.
Package csquotes Info: Redefining alias 'default' -> 'english'.
 (c:\Users\Fabia\Desktop\LaTeX\thesis\build\main.aux)
\openout1 = `main.aux'.

LaTeX Font Info:    Checking defaults for OML/cmm/m/it on input line 3.
LaTeX Font Info:    ... okay on input line 3.
LaTeX Font Info:    Checking defaults for OMS/cmsy/m/n on input line 3.
LaTeX Font Info:    ... okay on input line 3.
LaTeX Font Info:    Checking defaults for OT1/cmr/m/n on input line 3.
LaTeX Font Info:    ... okay on input line 3.
LaTeX Font Info:    Checking defaults for T1/cmr/m/n on input line 3.
LaTeX Font Info:    ... okay on input line 3.
LaTeX Font Info:    Checking defaults for TS1/cmr/m/n on input line 3.
LaTeX Font Info:    ... okay on input line 3.
LaTeX Font Info:    Checking defaults for OMX/cmex/m/n on input line 3.
LaTeX Font Info:    ... okay on input line 3.
LaTeX Font Info:    Checking defaults for U/cmr/m/n on input line 3.
LaTeX Font Info:    ... okay on input line 3.
LaTeX Font Info:    Checking defaults for PD1/pdf/m/n on input line 3.
LaTeX Font Info:    ... okay on input line 3.
LaTeX Font Info:    Checking defaults for PU/pdf/m/n on input line 3.
LaTeX Font Info:    ... okay on input line 3.
LaTeX Font Info:    Trying to load font information for OT1+lmr on input line 3.
 ("C:\Users\Fabia\AppData\Local\Programs\MiKTeX 2.9\tex/latex/lm\ot1lmr.fd"
File: ot1lmr.fd 2009/10/30 v1.6 Font defs for Latin Modern
)
*geometry* driver: auto-detecting
*geometry* detected driver: pdftex
*geometry* verbose mode - [ preamble ] result:
* driver: pdftex
* paper: a4paper
* layout: <same size as paper>
* layoutoffset:(h,v)=(0.0pt,0.0pt)
* modes: twoside 
* h-part:(L,W,R)=(85.35826pt, 412.56497pt, 99.58464pt)
* v-part:(T,H,B)=(71.13188pt, 688.5567pt, 85.35826pt)
* \paperwidth=597.50787pt
* \paperheight=845.04684pt
* \textwidth=412.56497pt
* \textheight=688.5567pt
* \oddsidemargin=13.08827pt
* \evensidemargin=27.31465pt
* \topmargin=-34.61191pt
* \headheight=13.6pt
* \headsep=19.8738pt
* \topskip=11.0pt
* \footskip=27.46295pt
* \marginparwidth=101.0pt
* \marginparsep=7.0pt
* \columnsep=10.0pt
* \skip\footins=12.0pt plus 4.0pt minus 4.0pt
* \hoffset=0.0pt
* \voffset=0.0pt
* \mag=1000
* \@twocolumnfalse
* \@twosidetrue
* \@mparswitchtrue
* \@reversemarginfalse
* (1in=72.27pt=25.4mm, 1cm=28.453pt)

("C:\Users\Fabia\AppData\Local\Programs\MiKTeX 2.9\tex/context/base/mkii\supp-pdf.mkii"
[Loading MPS to PDF converter (version 2006.09.02).]
\scratchcounter=\count513
\scratchdimen=\dimen286
\scratchbox=\box70
\nofMPsegments=\count514
\nofMParguments=\count515
\everyMPshowfont=\toks48
\MPscratchCnt=\count516
\MPscratchDim=\dimen287
\MPnumerator=\count517
\makeMPintoPDFobject=\count518
\everyMPtoPDFconversion=\toks49
) ("C:\Users\Fabia\AppData\Local\Programs\MiKTeX 2.9\tex/latex/epstopdf-pkg\epstopdf-base.sty"
Package: epstopdf-base 2020-01-24 v2.11 Base part for package epstopdf
Package epstopdf-base Info: Redefining graphics rule for `.eps' on input line 485.
)
\AtBeginShipoutBox=\box71
Package hyperref Info: Link coloring ON on input line 3.
 ("C:\Users\Fabia\AppData\Local\Programs\MiKTeX 2.9\tex/latex/hyperref\nameref.sty"
Package: nameref 2019/09/16 v2.46 Cross-referencing by name of section
 ("C:\Users\Fabia\AppData\Local\Programs\MiKTeX 2.9\tex/latex/refcount\refcount.sty"
Package: refcount 2019/12/15 v3.6 Data extraction from label references (HO)
) ("C:\Users\Fabia\AppData\Local\Programs\MiKTeX 2.9\tex/generic/gettitlestring\gettitlestring.sty"
Package: gettitlestring 2019/12/15 v1.6 Cleanup title references (HO)
)
\c@section@level=\count519
)
Redoing nameref's sectioning
Redoing nameref's label
LaTeX Info: Redefining \nameref on input line 3.
LaTeX Info: Redefining \ref on input line 3.
LaTeX Info: Redefining \pageref on input line 3.
LaTeX Info: Redefining \nameref on input line 3.
(c:\Users\Fabia\Desktop\LaTeX\thesis\build\main.out) (c:\Users\Fabia\Desktop\LaTeX\thesis\build\main.out)
\@outlinefile=\write7
\openout7 = `main.out'.

Package biblatex Info: Trying to load language 'english'...
Package biblatex Info: ... file 'english.lbx' found.
 ("C:\Users\Fabia\AppData\Local\Programs\MiKTeX 2.9\tex/latex/biblatex/lbx\english.lbx"
File: english.lbx 2019/12/01 v3.14 biblatex localization (PK/MW)
)
Package biblatex Info: Input encoding 'utf8' detected.
Package biblatex Info: Automatic encoding selection.
(biblatex)             Assuming data encoding 'utf8'.
\openout4 = `main.bcf'.

Package biblatex Info: Trying to load bibliographic data...
Package biblatex Info: ... file 'main.bbl' found.
 (c:\Users\Fabia\Desktop\LaTeX\thesis\build\main.bbl)
Package biblatex Info: Reference section=0 on input line 3.
Package biblatex Info: Reference segment=0 on input line 3.
 (tex/titlepage.tex
<images/logo.png, id=23, 1726.45pt x 1509.64pt>
File: images/logo.png Graphic file (type png)
<use images/logo.png>
Package pdftex.def Info: images/logo.png  used on input line 7.
(pdftex.def)             Requested size: 288.79422pt x 252.5121pt.
 [1

{C:/Users/Fabia/AppData/Local/MiKTeX/2.9/pdftex/config/pdftex.map} <./images/logo.png>]
Package atbegshi Info: Shipout page discarded.
) (c:\Users\Fabia\Desktop\LaTeX\thesis\build\main.toc
LaTeX Font Info:    Trying to load font information for OML+lmm on input line 4.
 ("C:\Users\Fabia\AppData\Local\Programs\MiKTeX 2.9\tex/latex/lm\omllmm.fd"
File: omllmm.fd 2009/10/30 v1.6 Font defs for Latin Modern
)
LaTeX Font Info:    Trying to load font information for OMS+lmsy on input line 4.
 ("C:\Users\Fabia\AppData\Local\Programs\MiKTeX 2.9\tex/latex/lm\omslmsy.fd"
File: omslmsy.fd 2009/10/30 v1.6 Font defs for Latin Modern
)
LaTeX Font Info:    Trying to load font information for OMX+lmex on input line 4.
 ("C:\Users\Fabia\AppData\Local\Programs\MiKTeX 2.9\tex/latex/lm\omxlmex.fd"
File: omxlmex.fd 2009/10/30 v1.6 Font defs for Latin Modern
)
LaTeX Font Info:    External font `lmex10' loaded for size
(Font)              <10.95> on input line 4.
LaTeX Font Info:    External font `lmex10' loaded for size
(Font)              <8> on input line 4.
LaTeX Font Info:    External font `lmex10' loaded for size
(Font)              <6> on input line 4.
LaTeX Font Info:    Trying to load font information for U+msa on input line 4.
 ("C:\Users\Fabia\AppData\Local\Programs\MiKTeX 2.9\tex/latex/amsfonts\umsa.fd"
File: umsa.fd 2013/01/14 v3.01 AMS symbols A
)
LaTeX Font Info:    Trying to load font information for U+msb on input line 4.
 ("C:\Users\Fabia\AppData\Local\Programs\MiKTeX 2.9\tex/latex/amsfonts\umsb.fd"
File: umsb.fd 2013/01/14 v3.01 AMS symbols B
)) (tex/Introduction.texpdfTeX warning (ext4): destination with the same identifier (name{page.1}) has been already used, duplicate ignored
<to be read again> 
                   \relax 
l.1 \chapter
            *[Setup]{Setup} [1]
LaTeX Font Info:    Trying to load font information for TS1+lmr on input line 5.
 ("C:\Users\Fabia\AppData\Local\Programs\MiKTeX 2.9\tex/latex/lm\ts1lmr.fd"
File: ts1lmr.fd 2009/10/30 v1.6 Font defs for Latin Modern
)
Overfull \hbox (15.6948pt too wide) in paragraph at lines 5--6
[]\OT1/lmr/m/n/10.95 Install Python, ver-sion $\OMS/lmsy/m/n/10.95  \OT1/lmr/m/n/10.95 3\OML/lmm/m/it/10.95 :\OT1/lmr/m/n/10.95 3$. In-stall the python re-quire-ments from $\OML/lmm/m/it/10.95 requirements:txt$ 
 []

) (tex/Chapter1.tex [2

]
Underfull \hbox (badness 10000) in paragraph at lines 2--6

 []

Package hyperref Info: bookmark level for unknown algorithm defaults to 0 on input line 8.
LaTeX Font Info:    Trying to load font information for OMS+zplm on input line 26.
("C:\Users\Fabia\AppData\Local\Programs\MiKTeX 2.9\tex/latex/psnfss\omszplm.fd"
File: omszplm.fd 2002/09/08 Fontinst v1.914 font definitions for OMS/zplm.
)
Underfull \hbox (badness 10000) in paragraph at lines 26--31

 []

Package mdframed Info: mdframed works in twoside mode on input line 31.
Package mdframed Info: mdframed detected package amsthm 
 changed the theorem header of amsthm
(mdframed)              on input line 31.
\openout5 = `main.pyg'.

(build/_minted-main/default-pyg-prefix.pygstyle) (build/_minted-main/solarized-dark.pygstyle) (build/_minted-main/8C8F7F0DDDC57E10BBEE74B96816555531316DC2E819C1CA9F62D4B51C7B9BBD.pygtex
LaTeX Font Info:    Trying to load font information for OT1+lmtt on input line 1.
 ("C:\Users\Fabia\AppData\Local\Programs\MiKTeX 2.9\tex/latex/lm\ot1lmtt.fd"
File: ot1lmtt.fd 2009/10/30 v1.6 Font defs for Latin Modern
)) (build/_minted-main/5FB24000CA9A698A5BF65B6F688E818E1AF95E768FF3441F920C037759DCA20A.pygtex
LaTeX Font Info:    Trying to load font information for TS1+lmtt on input line 11.
 ("C:\Users\Fabia\AppData\Local\Programs\MiKTeX 2.9\tex/latex/lm\ts1lmtt.fd"
File: ts1lmtt.fd 2009/10/30 v1.6 Font defs for Latin Modern
)) [3

]
<images/rad_doge.png, id=77, 225.84375pt x 225.84375pt>
File: images/rad_doge.png Graphic file (type png)
<use images/rad_doge.png>
Package pdftex.def Info: images/rad_doge.png  used on input line 65.
(pdftex.def)             Requested size: 156.7767pt x 156.78691pt.
LaTeX Font Info:    External font `lmex10' loaded for size
(Font)              <10> on input line 108.
LaTeX Font Info:    External font `lmex10' loaded for size
(Font)              <7> on input line 108.
LaTeX Font Info:    External font `lmex10' loaded for size
(Font)              <5> on input line 108.
 [4 <./images/rad_doge.png>]) [5] [6

]
\tf@toc=\write8
\openout8 = `main.toc'.

Package atveryend Info: Empty hook `BeforeClearDocument' on input line 16.
Package atveryend Info: Empty hook `AfterLastShipout' on input line 16.
 (c:\Users\Fabia\Desktop\LaTeX\thesis\build\main.aux)
Package atveryend Info: Executing hook `AtVeryEndDocument' on input line 16.
Package atveryend Info: Executing hook `AtEndAfterFileList' on input line 16.
Package rerunfilecheck Info: File `main.out' has not changed.
(rerunfilecheck)             Checksum: 8F70D942DB34CD0787CF10F4A953B708;528.
runsystem(del build\\main.pyg)...executed.

Package logreq Info: Writing requests to 'main.run.xml'.
\openout1 = `main.run.xml'.

 ) 
Here is how much of TeX's memory you used:
 28435 strings out of 480898
 479746 string characters out of 2898309
 1236142 words of memory out of 3000000
 43834 multiletter control sequences out of 15000+200000
 633858 words of font info for 106 fonts, out of 3000000 for 9000
 1141 hyphenation exceptions out of 8191
 47i,18n,50p,1185b,1909s stack positions out of 5000i,500n,10000p,200000b,50000s
{C:/Users/Fabia/AppData/Local/Programs/MiKTeX 2.9/fonts/enc/dvips/lm/lm-rm.enc}{C:/Users/Fabia/AppData/Local/Programs/MiKTeX 2.9/fonts/enc/dvips/lm/lm-mathsy.enc}{C:/Users/Fabia/AppData/Local/Programs/MiKTeX 2.9/fonts/enc/dvips/lm/lm-mathit.enc}{C:/Users/Fabia/AppData/Local/Programs/MiKTeX 2.9/fonts/enc/dvips/lm/lm-ts1.enc}{C:/Users/Fabia/AppData/Local/Programs/MiKTeX 2.9/fonts/enc/dvips/lm/lm-rmtt.enc}{C:/Users/Fabia/AppData/Local/Programs/MiKTeX 2.9/fonts/enc/dvips/lm/lm-mathex.enc}{C:/Users/Fabia/AppData/Local/Programs/MiKTeX 2.9/fonts/enc/dvips/lm/lm-rmsc.enc}<C:/Users/Fabia/AppData/Local/Programs/MiKTeX 2.9/fonts/type1/public/amsfonts/cm/cmsy10.pfb><C:/Users/Fabia/AppData/Local/Programs/MiKTeX 2.9/fonts/type1/public/lm/lmbx10.pfb><C:/Users/Fabia/AppData/Local/Programs/MiKTeX 2.9/fonts/type1/public/lm/lmbx12.pfb><C:/Users/Fabia/AppData/Local/Programs/MiKTeX 2.9/fonts/type1/public/lm/lmcsc10.pfb><C:/Users/Fabia/AppData/Local/Programs/MiKTeX 2.9/fonts/type1/public/lm/lmex10.pfb><C:/Users/Fabia/AppData/Local/Programs/MiKTeX 2.9/fonts/type1/public/lm/lmmi10.pfb><C:/Users/Fabia/AppData/Local/Programs/MiKTeX 2.9/fonts/type1/public/lm/lmmi6.pfb><C:/Users/Fabia/AppData/Local/Programs/MiKTeX 2.9/fonts/type1/public/lm/lmmi8.pfb><C:/Users/Fabia/AppData/Local/Programs/MiKTeX 2.9/fonts/type1/public/lm/lmmib10.pfb><C:/Users/Fabia/AppData/Local/Programs/MiKTeX 2.9/fonts/type1/public/lm/lmr10.pfb><C:/Users/Fabia/AppData/Local/Programs/MiKTeX 2.9/fonts/type1/public/lm/lmr12.pfb><C:/Users/Fabia/AppData/Local/Programs/MiKTeX 2.9/fonts/type1/public/lm/lmr6.pfb><C:/Users/Fabia/AppData/Local/Programs/MiKTeX 2.9/fonts/type1/public/lm/lmr8.pfb><C:/Users/Fabia/AppData/Local/Programs/MiKTeX 2.9/fonts/type1/public/lm/lmri10.pfb><C:/Users/Fabia/AppData/Local/Programs/MiKTeX 2.9/fonts/type1/public/lm/lmri12.pfb><C:/Users/Fabia/AppData/Local/Programs/MiKTeX 2.9/fonts/type1/public/lm/lmri8.pfb><C:/Users/Fabia/AppData/Local/Programs/MiKTeX 2.9/fonts/type1/public/lm/lmsy10.pfb><C:/Users/Fabia/AppData/Local/Programs/MiKTeX 2.9/fonts/type1/public/lm/lmsy6.pfb><C:/Users/Fabia/AppData/Local/Programs/MiKTeX 2.9/fonts/type1/public/lm/lmsy8.pfb><C:/Users/Fabia/AppData/Local/Programs/MiKTeX 2.9/fonts/type1/public/lm/lmtt9.pfb><C:/Users/Fabia/AppData/Local/Programs/MiKTeX 2.9/fonts/type1/public/lm/lmtti10.pfb><C:/Users/Fabia/AppData/Local/Programs/MiKTeX 2.9/fonts/type1/public/amsfonts/symbols/msbm10.pfb>
Output written on c:\Users\Fabia\Desktop\LaTeX\thesis\out\main.pdf (7 pages, 3117894 bytes).
PDF statistics:
 192 PDF objects out of 1000 (max. 8388607)
 24 named destinations out of 1000 (max. 500000)
 51 words of extra memory for PDF output out of 10000 (max. 10000000)

